app/mapping.txt
# compiler: R8
# compiler_version: 8.3.37
# min_api: 19
# common_typos_disable
# {"id":"com.android.tools.r8.mapping","version":"2.2"}
# pg_map_id: 1719a09
# pg_map_hash: SHA-256 1719a0953707763f722d9b8015e1c52a6baa73787b1d717df18fd53bdd0dd7d0
com.onedongua.blecontroller.BLESPPUtils -> com.onedongua.blecontroller.a:
# {"id":"sourceFile","fileName":"BLESPPUtils.java"}
    android.content.Context mContext -> a
    android.bluetooth.BluetoothAdapter mBluetoothAdapter -> b
    com.onedongua.blecontroller.BLESPPUtils$OnBluetoothAction mOnBluetoothAction -> c
      # {"id":"com.android.tools.r8.residualsignature","signature":"Lcom/onedongua/blecontroller/a$d;"}
    com.onedongua.blecontroller.BLESPPUtils$ConnectTask mConnectTask -> d
      # {"id":"com.android.tools.r8.residualsignature","signature":"Lcom/onedongua/blecontroller/a$c;"}
    android.content.BroadcastReceiver mReceiver -> e
    android.content.BroadcastReceiver mFinishFoundReceiver -> f
    boolean mEnableLogOut -> g
    1:1:com.onedongua.blecontroller.BLESPPUtils$OnBluetoothAction access$100(com.onedongua.blecontroller.BLESPPUtils):0:0 -> a
      # {"id":"com.android.tools.r8.residualsignature","signature":"(Lcom/onedongua/blecontroller/a;)Lcom/onedongua/blecontroller/a$d;"}
    1:1:void access$200(java.lang.String):0:0 -> b
    1:1:java.lang.String access$300(byte[]):0:0 -> c
    1:1:java.lang.String access$400(byte):0:0 -> d
    1:1:java.lang.String byte2Hex(byte):0:0 -> e
    1:1:java.lang.String byte2Hex(byte[]):0:0 -> f
    1:1:void connect(android.bluetooth.BluetoothDevice):0:0 -> g
    1:1:void connect(java.lang.String):0:0 -> h
    1:1:void enableBluetooth():0:0 -> i
    1:1:boolean isBluetoothEnable():0:0 -> j
com.onedongua.blecontroller.BLESPPUtils$1 -> com.onedongua.blecontroller.a$a:
# {"id":"sourceFile","fileName":"BLESPPUtils.java"}
    com.onedongua.blecontroller.BLESPPUtils this$0 -> a
      # {"id":"com.android.tools.r8.residualsignature","signature":"Lcom/onedongua/blecontroller/a;"}
com.onedongua.blecontroller.BLESPPUtils$2 -> com.onedongua.blecontroller.a$b:
# {"id":"sourceFile","fileName":"BLESPPUtils.java"}
    com.onedongua.blecontroller.BLESPPUtils this$0 -> a
      # {"id":"com.android.tools.r8.residualsignature","signature":"Lcom/onedongua/blecontroller/a;"}
com.onedongua.blecontroller.BLESPPUtils$ConnectTask -> com.onedongua.blecontroller.a$c:
# {"id":"sourceFile","fileName":"BLESPPUtils.java"}
    android.bluetooth.BluetoothAdapter bluetoothAdapter -> a
    android.bluetooth.BluetoothSocket bluetoothSocket -> b
    android.bluetooth.BluetoothDevice romoteDevice -> c
    com.onedongua.blecontroller.BLESPPUtils$OnBluetoothAction onBluetoothAction -> d
      # {"id":"com.android.tools.r8.residualsignature","signature":"Lcom/onedongua/blecontroller/a$d;"}
    boolean isRunning -> e
    java.lang.String stopString -> f
    1:1:void <init>():0:0 -> <init>
    2:2:void <init>(com.onedongua.blecontroller.BLESPPUtils$1):0:0 -> <init>
      # {"id":"com.android.tools.r8.residualsignature","signature":"(Lcom/onedongua/blecontroller/a$a;)V"}
    1:1:java.lang.Void doInBackground(java.lang.String[]):0:0 -> a
com.onedongua.blecontroller.BLESPPUtils$OnBluetoothAction -> com.onedongua.blecontroller.a$d:
# {"id":"sourceFile","fileName":"BLESPPUtils.java"}
    void onConnectSuccess(android.bluetooth.BluetoothDevice) -> e
    void onFoundDevice(android.bluetooth.BluetoothDevice) -> l
    void onReceiveBytes(byte[]) -> o
    void onFinishFoundDevice() -> p
    void onConnectFailed(java.lang.String) -> q
com.onedongua.blecontroller.LuaDexLoader -> w2.a:
# {"id":"sourceFile","fileName":"LuaDexLoader.java"}
    java.util.ArrayList dexList -> a
    java.util.HashMap libCache -> b
    java.lang.String filesDir -> c
    android.content.Context context -> d
    java.util.HashMap dexCache -> e
    1:8:void <clinit>():0:0 -> <clinit>
    1:22:void <init>(java.lang.String,android.content.Context):0:0 -> <init>
    1:3:java.util.ArrayList getClassLoaders():0:0 -> a
...
com.google.android.material.appbar.AppBarLayout$Behavior -> com.google.android.material.appbar.AppBarLayout$Behavior:
# {"id":"sourceFile","fileName":"AppBarLayout.java"}
    1:1:void <init>(android.content.Context,android.util.AttributeSet):0:0 -> <init>
    1:1:boolean onTouchEvent(androidx.coordinatorlayout.widget.CoordinatorLayout,android.view.View,android.view.MotionEvent):0:0 -> D
    1:1:int getTopAndBottomOffset():0:0 -> E
    1:1:boolean onLayoutChild(androidx.coordinatorlayout.widget.CoordinatorLayout,com.google.android.material.appbar.AppBarLayout,int):0:0 -> V
    1:1:boolean onMeasureChild(androidx.coordinatorlayout.widget.CoordinatorLayout,com.google.android.material.appbar.AppBarLayout,int,int,int,int):0:0 -> W
    1:1:void onNestedPreScroll(androidx.coordinatorlayout.widget.CoordinatorLayout,com.google.android.material.appbar.AppBarLayout,android.view.View,int,int,int[],int):0:0 -> X
    1:1:void onNestedScroll(androidx.coordinatorlayout.widget.CoordinatorLayout,com.google.android.material.appbar.AppBarLayout,android.view.View,int,int,int,int,int,int[]):0:0 -> Y
    1:1:void onRestoreInstanceState(androidx.coordinatorlayout.widget.CoordinatorLayout,com.google.android.material.appbar.AppBarLayout,android.os.Parcelable):0:0 -> Z
    1:1:android.os.Parcelable onSaveInstanceState(androidx.coordinatorlayout.widget.CoordinatorLayout,com.google.android.material.appbar.AppBarLayout):0:0 -> a0
com.google.android.material.appbar.AppBarLayout$ScrollingViewBehavior -> com.google.android.material.appbar.AppBarLayout$ScrollingViewBehavior:
# {"id":"sourceFile","fileName":"AppBarLayout.java"}
    1:1:void <init>(android.content.Context,android.util.AttributeSet):0:0 -> <init>
    1:1:android.view.View findFirstDependency(java.util.List):0:0 -> G
    1:1:float getOverlapRatioForOffset(android.view.View):0:0 -> I
    1:1:int getScrollRange(android.view.View):0:0 -> J
    1:1:com.google.android.material.appbar.AppBarLayout findFirstDependency(java.util.List):0:0 -> O
    1:1:void offsetChildAsNeeded(android.view.View,android.view.View):0:0 -> P
    1:1:void updateLiftedStateIfNeeded(android.view.View,android.view.View):0:0 -> Q
    1:1:boolean layoutDependsOn(androidx.coordinatorlayout.widget.CoordinatorLayout,android.view.View,android.view.View):0:0 -> e
    1:1:boolean onDependentViewChanged(androidx.coordinatorlayout.widget.CoordinatorLayout,android.view.View,android.view.View):0:0 -> h
    1:1:void onDependentViewRemoved(androidx.coordinatorlayout.widget.CoordinatorLayout,android.view.View,android.view.View):0:0 -> i
    1:1:boolean onLayoutChild(androidx.coordinatorlayout.widget.CoordinatorLayout,android.view.View,int):0:0 -> l
    1:1:boolean onMeasureChild(androidx.coordinatorlayout.widget.CoordinatorLayout,android.view.View,int,int,int,int):0:0 -> m